0 info it worked if it ends with ok
1 verbose cli [ '/usr/local/Cellar/node/7.4.0/bin/node',
1 verbose cli   '/usr/local/bin/npm',
1 verbose cli   'test' ]
2 info using npm@4.0.5
3 info using node@v7.4.0
4 verbose stack Error: ENOENT: no such file or directory, open '/Users/samiko/Projects/objection-doc/slate/objection.js/package.json'
5 verbose cwd /Users/samiko/Projects/objection-doc/slate/objection.js
6 error Darwin 16.4.0
7 error argv "/usr/local/Cellar/node/7.4.0/bin/node" "/usr/local/bin/npm" "test"
8 error node v7.4.0
9 error npm  v4.0.5
10 error path /Users/samiko/Projects/objection-doc/slate/objection.js/package.json
11 error code ENOENT
12 error errno -2
13 error syscall open
14 error enoent ENOENT: no such file or directory, open '/Users/samiko/Projects/objection-doc/slate/objection.js/package.json'
15 error enoent ENOENT: no such file or directory, open '/Users/samiko/Projects/objection-doc/slate/objection.js/package.json'
15 error enoent This is most likely not a problem with npm itself
15 error enoent and is related to npm not being able to find a file.
16 verbose exit [ -2, true ]
