Arguments: 
  /usr/local/bin/node /usr/local/bin/yarn

PATH: 
  /usr/local/opt/php@5.6/sbin:/usr/local/opt/php@5.6/bin:/usr/local/opt/qt/bin:~/Library/Python/3.6/bin:/Library/Frameworks/Python.framework/Versions/3.6/bin:/usr/local/opt/curl/bin:/Users/heisian/.composer/vendor/bin:/usr/local/bin:/usr/local/opt/mongodb@3.4/bin:/Users/heisian/Library/Python/2.7/bin:/usr/local/bin:/usr/bin:/bin:/usr/sbin:/sbin:/usr/local/go/bin

Yarn version: 
  1.5.1

Node version: 
  8.6.0

Platform: 
  darwin x64

npm manifest: 
  {
    "name": "objection",
    "version": "1.1.9",
    "description": "An SQL-friendly ORM for Node.js",
    "main": "lib/objection.js",
    "license": "MIT",
    "scripts": {
      "test": "npm run eslint && mocha --slow 10 --timeout 15000 --reporter spec --recursive tests",
      "test-travis": "npm run eslint && istanbul --config=.istanbul.yml cover _mocha -- --slow 100 --timeout 60000 --reporter spec --recursive tests && npm run test-typings",
      "test-fast": "mocha --slow 10 --timeout 15000 --reporter spec --recursive tests --bail",
      "test-opt": "mocha --slow 10 --timeout 15000 --reporter spec --recursive tests --bail --trace_opt --trace_deopt",
      "test-prof": "mocha --slow 10 --timeout 15000 --reporter spec --recursive tests --prof",
      "test-typings": "tsc",
      "coveralls": "cat ./testCoverage/lcov.info | ./node_modules/coveralls/bin/coveralls.js",
      "perf": "mocha --slow 60000 --timeout 60000 --reporter spec --recursive perf",
      "perf-prof": "mocha --slow 60000 --timeout 60000 --reporter spec --recursive perf --prof",
      "perf-opt": "mocha --slow 60000 --timeout 60000 --reporter spec --recursive perf --trace_opt --trace_deopt",
      "prettier": "prettier --write \"{examples,lib,tests,typings}/**/*.{js,ts}\"",
      "eslint": "eslint --format codeframe \"examples/**/*.js\" \"lib/**/*.js\" \"tests/**/*.js\"",
      "docs:dev": "vuepress dev newDoc"
    },
    "publishConfig": {
      "tag": "next"
    },
    "author": {
      "name": "Sami Koskimäki",
      "email": "sami.koskimaki@vincit.com",
      "url": "https://github.com/koskimas"
    },
    "contributors": [
      "Sami Koskimäki <sami.koskimaki@vincit.com> (https://github.com/koskimas)",
      "Mikael Lepistö <mikael.lepisto@vincit.com> (https://github.com/elhigu)",
      "Matthew McEachen <matthew-objection@photostructure.com> (https://github.com/mceachen)",
      "Jürg Lehni <juerg@scratchdisk.com> (https://github.com/lehni)"
    ],
    "repository": {
      "type": "git",
      "url": "git://github.com/vincit/objection.js.git"
    },
    "engines": {
      "node": ">=6.0.0"
    },
    "keywords": [
      "orm",
      "knex",
      "sql",
      "query",
      "query builder",
      "postgresql",
      "mysql",
      "sqlite3"
    ],
    "files": [
      "README.md",
      "LICENSE",
      "lib/*",
      "typings/*"
    ],
    "types": "./typings/objection/index.d.ts",
    "dependencies": {
      "ajv": "^6.1.1",
      "bluebird": "^3.5.1",
      "lodash": "^4.17.4"
    },
    "peerDependencies": {
      "knex": "0.x"
    },
    "devDependencies": {
      "@types/knex": "^0.14.5",
      "@types/node": "^10.0.6",
      "babel-eslint": "^8.2.1",
      "chai": "^4.1.2",
      "chai-subset": "^1.6.0",
      "coveralls": "^3.0.0",
      "eslint": "^4.16.0",
      "eslint-plugin-prettier": "^2.5.0",
      "expect.js": "^0.3.1",
      "fs-extra": "^6.0.1",
      "glob": "^7.1.2",
      "istanbul": "^0.4.5",
      "knex": "0.x",
      "markdown-it-container": "^2.0.0",
      "mocha": "^5.0.0",
      "mysql": "^2.15.0",
      "pg": "^7.4.1",
      "prettier": "^1.10.2",
      "sqlite3": "^4.0.0",
      "typescript": "^2.7.1",
      "vue-tabs-component": "^1.4.0",
      "vuepress": "^0.8.4"
    }
  }

yarn manifest: 
  No manifest

Lockfile: 
  No lockfile

Trace: 
  Error: Found incompatible module
      at new MessageError (/usr/local/lib/node_modules/yarn/lib/cli.js:186:110)
      at checkOne (/usr/local/lib/node_modules/yarn/lib/cli.js:62444:11)
      at Object.check (/usr/local/lib/node_modules/yarn/lib/cli.js:62463:5)
      at /usr/local/lib/node_modules/yarn/lib/cli.js:22803:73
      at Generator.next (<anonymous>)
      at step (/usr/local/lib/node_modules/yarn/lib/cli.js:98:30)
      at /usr/local/lib/node_modules/yarn/lib/cli.js:109:13
      at <anonymous>
